<?xml version="1.0" encoding="UTF-8"?>
<robot generator="Robot 5.0.1 (Python 3.10.5 on win32)" generated="20251203 14:48:07.725" rpa="false" schemaversion="3">
<suite id="s1" name="Test Robot Squash" source="C:\Users\Formation\Documents\test_robot_squash">
<suite id="s1-s1" name="Tests Robot" source="C:\Users\Formation\Documents\test_robot_squash\tests_robot">
<suite id="s1-s1-s1" name="CatsClub" source="C:\Users\Formation\Documents\test_robot_squash\tests_robot\CatsClub">
<suite id="s1-s1-s1-s1" name="Connexion" source="C:\Users\Formation\Documents\test_robot_squash\tests_robot\CatsClub\Connexion">
<suite id="s1-s1-s1-s1-s1" name="6 Connexion Cas Non Passant" source="C:\Users\Formation\Documents\test_robot_squash\tests_robot\CatsClub\Connexion\6_Connexion_Cas_Non_Passant.robot">
<test id="s1-s1-s1-s1-s1-t1" name="Connexion Cas Non Passant" line="13">
<kw name="Given Je suis sur la page de CatsClub" library="squash_resources_laure">
<kw name="Open Browser" library="SeleniumLibrary">
<arg>${url}</arg>
<arg>${browser}</arg>
<doc>Opens a new browser instance to the optional ``url``.</doc>
<msg timestamp="20251203 14:48:07.944" level="INFO">Opening browser 'firefox' to base url 'http://localhost:8080'.</msg>
<msg timestamp="20251203 14:48:07.946" level="INFO">Firefox driver log is always forced to to: C:\Users\Formation\Documents\test_robot_squash\results\geckodriver-7.log</msg>
<status status="PASS" starttime="20251203 14:48:07.944" endtime="20251203 14:48:13.146"/>
</kw>
<kw name="Maximize Browser Window" library="SeleniumLibrary">
<doc>Maximizes current browser window.</doc>
<status status="PASS" starttime="20251203 14:48:13.146" endtime="20251203 14:48:13.425"/>
</kw>
<kw name="Sleep" library="BuiltIn">
<arg>2</arg>
<doc>Pauses the test executed for the given time.</doc>
<msg timestamp="20251203 14:48:15.429" level="INFO">Slept 2 seconds</msg>
<status status="PASS" starttime="20251203 14:48:13.425" endtime="20251203 14:48:15.429"/>
</kw>
<kw name="Page Should Contain" library="SeleniumLibrary">
<arg>Cats Club</arg>
<doc>Verifies that current page contains ``text``.</doc>
<msg timestamp="20251203 14:48:15.442" level="INFO">Current page contains text 'Cats Club'.</msg>
<status status="PASS" starttime="20251203 14:48:15.429" endtime="20251203 14:48:15.442"/>
</kw>
<status status="PASS" starttime="20251203 14:48:07.942" endtime="20251203 14:48:15.442"/>
</kw>
<kw name="When je clique sur l'onglet &quot;Connexion&quot;" library="squash_resources_laure">
<kw name="Click Element" library="SeleniumLibrary">
<arg>xpath=//a[@href='connection.html']</arg>
<doc>Click the element identified by ``locator``.</doc>
<msg timestamp="20251203 14:48:15.450" level="INFO">Clicking element 'xpath=//a[@href='connection.html']'.</msg>
<status status="PASS" starttime="20251203 14:48:15.450" endtime="20251203 14:48:15.517"/>
</kw>
<status status="PASS" starttime="20251203 14:48:15.446" endtime="20251203 14:48:15.517"/>
</kw>
<kw name="And Je saisis la valeur &quot;login&quot; dans l'élément &quot;Login&quot;" library="squash_resources_laure">
<kw name="Input Text" library="SeleniumLibrary">
<arg>id:loginInput</arg>
<arg>login</arg>
<doc>Types the given ``text`` into the text field identified by ``locator``.</doc>
<msg timestamp="20251203 14:48:15.525" level="INFO">Typing text 'login' into text field 'id:loginInput'.</msg>
<status status="PASS" starttime="20251203 14:48:15.525" endtime="20251203 14:48:15.568"/>
</kw>
<status status="PASS" starttime="20251203 14:48:15.521" endtime="20251203 14:48:15.569"/>
</kw>
<kw name="And Je saisis la valeur &quot;pwd&quot; dans l'élément &quot;Mdp&quot;" library="squash_resources_laure">
<kw name="Input Text" library="SeleniumLibrary">
<arg>id:passwordInput</arg>
<arg>pwd</arg>
<doc>Types the given ``text`` into the text field identified by ``locator``.</doc>
<msg timestamp="20251203 14:48:15.571" level="INFO">Typing text 'pwd' into text field 'id:passwordInput'.</msg>
<status status="PASS" starttime="20251203 14:48:15.571" endtime="20251203 14:48:15.590"/>
</kw>
<status status="PASS" starttime="20251203 14:48:15.571" endtime="20251203 14:48:15.590"/>
</kw>
<kw name="And Je clique sur le bouton Connexion" library="squash_resources_laure">
<kw name="Click Button" library="SeleniumLibrary">
<arg>id:connectionButton</arg>
<doc>Clicks the button identified by ``locator``.</doc>
<msg timestamp="20251203 14:48:15.598" level="INFO">Clicking button 'id:connectionButton'.</msg>
<status status="PASS" starttime="20251203 14:48:15.598" endtime="20251203 14:48:15.669"/>
</kw>
<kw name="Sleep" library="BuiltIn">
<arg>2</arg>
<doc>Pauses the test executed for the given time.</doc>
<msg timestamp="20251203 14:48:17.685" level="INFO">Slept 2 seconds</msg>
<status status="PASS" starttime="20251203 14:48:15.669" endtime="20251203 14:48:17.685"/>
</kw>
<status status="PASS" starttime="20251203 14:48:15.595" endtime="20251203 14:48:17.685"/>
</kw>
<kw name="Then Un message d'erreur s'affiche : &quot;Identifiant et/ou mot de passe incorrect(s)&quot;" library="squash_resources_laure">
<kw name="Page Should Contain" library="SeleniumLibrary">
<arg>Identifiant et/ou mot de passe incorrect(s)</arg>
<doc>Verifies that current page contains ``text``.</doc>
<msg timestamp="20251203 14:48:17.726" level="INFO" html="true">&lt;/td&gt;&lt;/tr&gt;&lt;tr&gt;&lt;td colspan="3"&gt;&lt;a href="selenium-screenshot-5.png"&gt;&lt;img src="selenium-screenshot-5.png" width="800px"&gt;&lt;/a&gt;</msg>
<msg timestamp="20251203 14:48:17.730" level="FAIL">Page should have contained text 'Identifiant et/ou mot de passe incorrect(s)' but did not.</msg>
<status status="FAIL" starttime="20251203 14:48:17.692" endtime="20251203 14:48:17.734"/>
</kw>
<status status="FAIL" starttime="20251203 14:48:17.689" endtime="20251203 14:48:17.734"/>
</kw>
<kw name="Test Teardown" type="TEARDOWN">
<doc>test teardown
You can define the ${TEST_TEARDOWN} variable with a keyword for tearing down all your tests.
You can define the ${TEST_6_TEARDOWN} variable with a keyword for tearing down this specific test.
If both are defined, ${TEST_TEARDOWN} will be run after ${TEST_6_TEARDOWN}.</doc>
<kw name="Get Variable Value" library="BuiltIn">
<var>${TEST_6_TEARDOWN_VALUE}</var>
<arg>${TEST_6_TEARDOWN}</arg>
<doc>Returns variable value or ``default`` if the variable does not exist.</doc>
<msg timestamp="20251203 14:48:17.741" level="INFO">${TEST_6_TEARDOWN_VALUE} = None</msg>
<status status="PASS" starttime="20251203 14:48:17.738" endtime="20251203 14:48:17.741"/>
</kw>
<kw name="Get Variable Value" library="BuiltIn">
<var>${TEST_TEARDOWN_VALUE}</var>
<arg>${TEST_TEARDOWN}</arg>
<doc>Returns variable value or ``default`` if the variable does not exist.</doc>
<msg timestamp="20251203 14:48:17.742" level="INFO">${TEST_TEARDOWN_VALUE} = None</msg>
<status status="PASS" starttime="20251203 14:48:17.741" endtime="20251203 14:48:17.743"/>
</kw>
<if>
<branch type="IF" condition="$TEST_6_TEARDOWN_VALUE is not None">
<kw name="Run Keyword" library="BuiltIn">
<arg>${TEST_6_TEARDOWN}</arg>
<doc>Executes the given keyword with the given arguments.</doc>
<status status="NOT RUN" starttime="20251203 14:48:17.743" endtime="20251203 14:48:17.743"/>
</kw>
<status status="NOT RUN" starttime="20251203 14:48:17.743" endtime="20251203 14:48:17.743"/>
</branch>
<status status="PASS" starttime="20251203 14:48:17.743" endtime="20251203 14:48:17.743"/>
</if>
<if>
<branch type="IF" condition="$TEST_TEARDOWN_VALUE is not None">
<kw name="Run Keyword" library="BuiltIn">
<arg>${TEST_TEARDOWN}</arg>
<doc>Executes the given keyword with the given arguments.</doc>
<status status="NOT RUN" starttime="20251203 14:48:17.743" endtime="20251203 14:48:17.743"/>
</kw>
<status status="NOT RUN" starttime="20251203 14:48:17.743" endtime="20251203 14:48:17.743"/>
</branch>
<status status="PASS" starttime="20251203 14:48:17.743" endtime="20251203 14:48:17.743"/>
</if>
<status status="PASS" starttime="20251203 14:48:17.738" endtime="20251203 14:48:17.743"/>
</kw>
<doc>Connexion Cas Non Passant</doc>
<status status="FAIL" starttime="20251203 14:48:07.925" endtime="20251203 14:48:17.743">Page should have contained text 'Identifiant et/ou mot de passe incorrect(s)' but did not.</status>
</test>
<doc>Connexion Cas Non Passant</doc>
<meta name="Automation priority">null</meta>
<meta name="ID">6</meta>
<meta name="Reference">02</meta>
<meta name="Test case importance">Low</meta>
<status status="FAIL" starttime="20251203 14:48:07.784" endtime="20251203 14:48:17.751"/>
</suite>
<status status="FAIL" starttime="20251203 14:48:07.781" endtime="20251203 14:48:17.759"/>
</suite>
<status status="FAIL" starttime="20251203 14:48:07.771" endtime="20251203 14:48:17.763"/>
</suite>
<status status="FAIL" starttime="20251203 14:48:07.767" endtime="20251203 14:48:17.772"/>
</suite>
<status status="FAIL" starttime="20251203 14:48:07.725" endtime="20251203 14:48:17.776"/>
</suite>
<statistics>
<total>
<stat pass="0" fail="1" skip="0">All Tests</stat>
</total>
<tag>
</tag>
<suite>
<stat pass="0" fail="1" skip="0" id="s1" name="Test Robot Squash">Test Robot Squash</stat>
<stat pass="0" fail="1" skip="0" id="s1-s1" name="Tests Robot">Test Robot Squash.Tests Robot</stat>
<stat pass="0" fail="1" skip="0" id="s1-s1-s1" name="CatsClub">Test Robot Squash.Tests Robot.CatsClub</stat>
<stat pass="0" fail="1" skip="0" id="s1-s1-s1-s1" name="Connexion">Test Robot Squash.Tests Robot.CatsClub.Connexion</stat>
<stat pass="0" fail="1" skip="0" id="s1-s1-s1-s1-s1" name="6 Connexion Cas Non Passant">Test Robot Squash.Tests Robot.CatsClub.Connexion.6 Connexion Cas Non Passant</stat>
</suite>
</statistics>
<errors>
</errors>
</robot>
